mode: atomic
github.com/williamsonpaul/aws-tools/main.go:22.13,26.39 4 0
github.com/williamsonpaul/aws-tools/main.go:26.39,27.40 1 0
github.com/williamsonpaul/aws-tools/main.go:27.40,29.4 1 0
github.com/williamsonpaul/aws-tools/main.go:30.3,30.13 1 0
github.com/williamsonpaul/aws-tools/main.go:38.59,40.18 2 0
github.com/williamsonpaul/aws-tools/main.go:40.18,42.3 1 0
github.com/williamsonpaul/aws-tools/main.go:43.2,44.16 2 0
github.com/williamsonpaul/aws-tools/main.go:44.16,46.3 1 0
github.com/williamsonpaul/aws-tools/main.go:47.2,47.61 1 0
github.com/williamsonpaul/aws-tools/main.go:52.58,53.20 1 11
github.com/williamsonpaul/aws-tools/main.go:53.20,55.3 1 0
github.com/williamsonpaul/aws-tools/main.go:56.2,64.13 4 11
github.com/williamsonpaul/aws-tools/main.go:67.59,87.55 2 11
github.com/williamsonpaul/aws-tools/main.go:87.55,89.21 2 5
github.com/williamsonpaul/aws-tools/main.go:89.21,91.5 1 1
github.com/williamsonpaul/aws-tools/main.go:93.4,94.18 2 4
github.com/williamsonpaul/aws-tools/main.go:94.18,96.5 1 0
github.com/williamsonpaul/aws-tools/main.go:98.4,102.46 2 4
github.com/williamsonpaul/aws-tools/main.go:102.46,105.5 2 1
github.com/williamsonpaul/aws-tools/main.go:107.4,108.18 2 4
github.com/williamsonpaul/aws-tools/main.go:108.18,110.5 1 1
github.com/williamsonpaul/aws-tools/main.go:111.4,111.47 1 3
github.com/williamsonpaul/aws-tools/main.go:115.2,120.12 5 11
github.com/williamsonpaul/aws-tools/main.go:123.59,142.55 2 11
github.com/williamsonpaul/aws-tools/main.go:142.55,145.21 3 6
github.com/williamsonpaul/aws-tools/main.go:145.21,147.5 1 1
github.com/williamsonpaul/aws-tools/main.go:148.4,148.23 1 5
github.com/williamsonpaul/aws-tools/main.go:148.23,150.5 1 1
github.com/williamsonpaul/aws-tools/main.go:152.4,153.18 2 4
github.com/williamsonpaul/aws-tools/main.go:153.18,155.5 1 0
github.com/williamsonpaul/aws-tools/main.go:157.4,157.59 1 4
github.com/williamsonpaul/aws-tools/main.go:157.59,159.42 2 4
github.com/williamsonpaul/aws-tools/main.go:159.42,161.6 1 1
github.com/williamsonpaul/aws-tools/main.go:162.5,162.88 1 4
github.com/williamsonpaul/aws-tools/main.go:165.4,173.18 2 4
github.com/williamsonpaul/aws-tools/main.go:173.18,175.5 1 1
github.com/williamsonpaul/aws-tools/main.go:177.4,177.63 1 3
github.com/williamsonpaul/aws-tools/main.go:177.63,179.5 1 0
github.com/williamsonpaul/aws-tools/main.go:180.4,180.45 1 3
github.com/williamsonpaul/aws-tools/main.go:180.45,182.5 1 1
github.com/williamsonpaul/aws-tools/main.go:183.4,183.14 1 2
github.com/williamsonpaul/aws-tools/main.go:187.2,191.12 4 11
github.com/williamsonpaul/aws-tools/main.go:195.59,196.19 1 19
github.com/williamsonpaul/aws-tools/main.go:196.19,198.3 1 11
github.com/williamsonpaul/aws-tools/main.go:199.2,199.26 1 8
github.com/williamsonpaul/aws-tools/main.go:203.47,204.34 1 36
github.com/williamsonpaul/aws-tools/main.go:204.34,205.44 1 2
github.com/williamsonpaul/aws-tools/main.go:205.44,207.4 1 1
github.com/williamsonpaul/aws-tools/main.go:209.2,209.12 1 35
github.com/williamsonpaul/aws-tools/main.go:213.42,217.2 3 6
github.com/williamsonpaul/aws-tools/refresh.go:48.59,50.2 1 20
github.com/williamsonpaul/aws-tools/refresh.go:53.117,58.32 2 8
github.com/williamsonpaul/aws-tools/refresh.go:58.32,60.3 1 2
github.com/williamsonpaul/aws-tools/refresh.go:62.2,67.16 2 8
github.com/williamsonpaul/aws-tools/refresh.go:67.16,69.3 1 2
github.com/williamsonpaul/aws-tools/refresh.go:71.2,74.8 1 6
github.com/williamsonpaul/aws-tools/refresh.go:78.120,83.16 2 14
github.com/williamsonpaul/aws-tools/refresh.go:83.16,85.3 1 2
github.com/williamsonpaul/aws-tools/refresh.go:86.2,86.37 1 12
github.com/williamsonpaul/aws-tools/refresh.go:86.37,88.3 1 1
github.com/williamsonpaul/aws-tools/refresh.go:89.2,89.39 1 11
github.com/williamsonpaul/aws-tools/refresh.go:99.35,101.6 2 9
github.com/williamsonpaul/aws-tools/refresh.go:101.6,103.17 2 11
github.com/williamsonpaul/aws-tools/refresh.go:103.17,105.4 1 1
github.com/williamsonpaul/aws-tools/refresh.go:106.3,106.20 1 10
github.com/williamsonpaul/aws-tools/refresh.go:106.20,107.29 1 10
github.com/williamsonpaul/aws-tools/refresh.go:107.29,109.5 1 7
github.com/williamsonpaul/aws-tools/refresh.go:110.4,110.45 1 10
github.com/williamsonpaul/aws-tools/refresh.go:110.45,112.5 1 6
github.com/williamsonpaul/aws-tools/refresh.go:114.3,114.35 1 4
github.com/williamsonpaul/aws-tools/refresh.go:114.35,116.4 1 2
github.com/williamsonpaul/aws-tools/refresh.go:117.3,117.20 1 2
